mode: set
gitlab.com/vk-golang/lectures/06_databases/99_hw/redditclone/internal/controller/handler/comment.go:19.70,22.23 3 1
gitlab.com/vk-golang/lectures/06_databases/99_hw/redditclone/internal/controller/handler/comment.go:22.23,26.3 3 0
gitlab.com/vk-golang/lectures/06_databases/99_hw/redditclone/internal/controller/handler/comment.go:27.2,28.9 2 1
gitlab.com/vk-golang/lectures/06_databases/99_hw/redditclone/internal/controller/handler/comment.go:28.9,32.3 3 0
gitlab.com/vk-golang/lectures/06_databases/99_hw/redditclone/internal/controller/handler/comment.go:33.2,37.23 4 1
gitlab.com/vk-golang/lectures/06_databases/99_hw/redditclone/internal/controller/handler/comment.go:37.23,41.3 3 0
gitlab.com/vk-golang/lectures/06_databases/99_hw/redditclone/internal/controller/handler/comment.go:42.2,43.9 2 1
gitlab.com/vk-golang/lectures/06_databases/99_hw/redditclone/internal/controller/handler/comment.go:43.9,47.3 3 0
gitlab.com/vk-golang/lectures/06_databases/99_hw/redditclone/internal/controller/handler/comment.go:49.2,52.27 3 1
gitlab.com/vk-golang/lectures/06_databases/99_hw/redditclone/internal/controller/handler/comment.go:52.27,56.3 3 0
gitlab.com/vk-golang/lectures/06_databases/99_hw/redditclone/internal/controller/handler/comment.go:58.2,63.28 3 1
gitlab.com/vk-golang/lectures/06_databases/99_hw/redditclone/internal/controller/handler/comment.go:63.28,67.3 3 0
gitlab.com/vk-golang/lectures/06_databases/99_hw/redditclone/internal/controller/handler/comment.go:69.2,80.26 4 1
gitlab.com/vk-golang/lectures/06_databases/99_hw/redditclone/internal/controller/handler/comment.go:80.26,86.10 3 0
gitlab.com/vk-golang/lectures/06_databases/99_hw/redditclone/internal/controller/handler/comment.go:87.64,88.43 1 0
gitlab.com/vk-golang/lectures/06_databases/99_hw/redditclone/internal/controller/handler/comment.go:90.11,91.40 1 0
gitlab.com/vk-golang/lectures/06_databases/99_hw/redditclone/internal/controller/handler/comment.go:93.3,94.28 2 0
gitlab.com/vk-golang/lectures/06_databases/99_hw/redditclone/internal/controller/handler/comment.go:94.28,98.4 3 0
gitlab.com/vk-golang/lectures/06_databases/99_hw/redditclone/internal/controller/handler/comment.go:100.3,101.60 2 0
gitlab.com/vk-golang/lectures/06_databases/99_hw/redditclone/internal/controller/handler/comment.go:101.60,104.4 2 0
gitlab.com/vk-golang/lectures/06_databases/99_hw/redditclone/internal/controller/handler/comment.go:106.3,106.9 1 0
gitlab.com/vk-golang/lectures/06_databases/99_hw/redditclone/internal/controller/handler/comment.go:109.2,110.27 2 1
gitlab.com/vk-golang/lectures/06_databases/99_hw/redditclone/internal/controller/handler/comment.go:110.27,114.3 3 0
gitlab.com/vk-golang/lectures/06_databases/99_hw/redditclone/internal/controller/handler/comment.go:116.2,117.59 2 1
gitlab.com/vk-golang/lectures/06_databases/99_hw/redditclone/internal/controller/handler/comment.go:117.59,120.3 2 0
gitlab.com/vk-golang/lectures/06_databases/99_hw/redditclone/internal/controller/handler/comment.go:124.73,127.23 3 1
gitlab.com/vk-golang/lectures/06_databases/99_hw/redditclone/internal/controller/handler/comment.go:127.23,131.3 3 0
gitlab.com/vk-golang/lectures/06_databases/99_hw/redditclone/internal/controller/handler/comment.go:132.2,133.9 2 1
gitlab.com/vk-golang/lectures/06_databases/99_hw/redditclone/internal/controller/handler/comment.go:133.9,137.3 3 0
gitlab.com/vk-golang/lectures/06_databases/99_hw/redditclone/internal/controller/handler/comment.go:138.2,144.29 5 1
gitlab.com/vk-golang/lectures/06_databases/99_hw/redditclone/internal/controller/handler/comment.go:144.29,147.10 2 0
gitlab.com/vk-golang/lectures/06_databases/99_hw/redditclone/internal/controller/handler/comment.go:148.64,150.10 2 0
gitlab.com/vk-golang/lectures/06_databases/99_hw/redditclone/internal/controller/handler/comment.go:151.11,159.29 3 0
gitlab.com/vk-golang/lectures/06_databases/99_hw/redditclone/internal/controller/handler/comment.go:159.29,163.5 3 0
gitlab.com/vk-golang/lectures/06_databases/99_hw/redditclone/internal/controller/handler/comment.go:165.4,166.61 2 0
gitlab.com/vk-golang/lectures/06_databases/99_hw/redditclone/internal/controller/handler/comment.go:166.61,169.5 2 0
gitlab.com/vk-golang/lectures/06_databases/99_hw/redditclone/internal/controller/handler/comment.go:171.4,171.10 1 0
gitlab.com/vk-golang/lectures/06_databases/99_hw/redditclone/internal/controller/handler/comment.go:175.2,176.27 2 1
gitlab.com/vk-golang/lectures/06_databases/99_hw/redditclone/internal/controller/handler/comment.go:176.27,180.3 3 0
gitlab.com/vk-golang/lectures/06_databases/99_hw/redditclone/internal/controller/handler/comment.go:182.2,183.59 2 1
gitlab.com/vk-golang/lectures/06_databases/99_hw/redditclone/internal/controller/handler/comment.go:183.59,186.3 2 0
gitlab.com/vk-golang/lectures/06_databases/99_hw/redditclone/internal/controller/handler/handler.go:37.114,43.2 1 1
gitlab.com/vk-golang/lectures/06_databases/99_hw/redditclone/internal/controller/handler/handler.go:45.65,47.16 2 0
gitlab.com/vk-golang/lectures/06_databases/99_hw/redditclone/internal/controller/handler/handler.go:47.16,50.3 2 0
gitlab.com/vk-golang/lectures/06_databases/99_hw/redditclone/internal/controller/handler/post.go:19.68,23.24 3 1
gitlab.com/vk-golang/lectures/06_databases/99_hw/redditclone/internal/controller/handler/post.go:23.24,27.3 3 1
gitlab.com/vk-golang/lectures/06_databases/99_hw/redditclone/internal/controller/handler/post.go:29.2,30.28 2 1
gitlab.com/vk-golang/lectures/06_databases/99_hw/redditclone/internal/controller/handler/post.go:30.28,34.3 3 0
gitlab.com/vk-golang/lectures/06_databases/99_hw/redditclone/internal/controller/handler/post.go:36.2,37.41 2 1
gitlab.com/vk-golang/lectures/06_databases/99_hw/redditclone/internal/controller/handler/post.go:37.41,40.3 2 0
gitlab.com/vk-golang/lectures/06_databases/99_hw/redditclone/internal/controller/handler/post.go:43.67,46.23 3 1
gitlab.com/vk-golang/lectures/06_databases/99_hw/redditclone/internal/controller/handler/post.go:46.23,50.3 3 1
gitlab.com/vk-golang/lectures/06_databases/99_hw/redditclone/internal/controller/handler/post.go:51.2,52.9 2 1
gitlab.com/vk-golang/lectures/06_databases/99_hw/redditclone/internal/controller/handler/post.go:52.9,56.3 3 1
gitlab.com/vk-golang/lectures/06_databases/99_hw/redditclone/internal/controller/handler/post.go:57.2,61.24 4 1
gitlab.com/vk-golang/lectures/06_databases/99_hw/redditclone/internal/controller/handler/post.go:61.24,65.3 3 1
gitlab.com/vk-golang/lectures/06_databases/99_hw/redditclone/internal/controller/handler/post.go:66.2,67.9 2 1
gitlab.com/vk-golang/lectures/06_databases/99_hw/redditclone/internal/controller/handler/post.go:67.9,71.3 3 1
gitlab.com/vk-golang/lectures/06_databases/99_hw/redditclone/internal/controller/handler/post.go:73.2,75.27 3 1
gitlab.com/vk-golang/lectures/06_databases/99_hw/redditclone/internal/controller/handler/post.go:75.27,79.3 3 1
gitlab.com/vk-golang/lectures/06_databases/99_hw/redditclone/internal/controller/handler/post.go:81.2,90.28 3 1
gitlab.com/vk-golang/lectures/06_databases/99_hw/redditclone/internal/controller/handler/post.go:90.28,94.3 3 1
gitlab.com/vk-golang/lectures/06_databases/99_hw/redditclone/internal/controller/handler/post.go:96.2,115.23 4 1
gitlab.com/vk-golang/lectures/06_databases/99_hw/redditclone/internal/controller/handler/post.go:115.23,121.10 3 1
gitlab.com/vk-golang/lectures/06_databases/99_hw/redditclone/internal/controller/handler/post.go:122.61,123.43 1 1
gitlab.com/vk-golang/lectures/06_databases/99_hw/redditclone/internal/controller/handler/post.go:124.11,125.40 1 1
gitlab.com/vk-golang/lectures/06_databases/99_hw/redditclone/internal/controller/handler/post.go:128.3,129.28 2 1
gitlab.com/vk-golang/lectures/06_databases/99_hw/redditclone/internal/controller/handler/post.go:129.28,133.4 3 0
gitlab.com/vk-golang/lectures/06_databases/99_hw/redditclone/internal/controller/handler/post.go:135.3,136.60 2 1
gitlab.com/vk-golang/lectures/06_databases/99_hw/redditclone/internal/controller/handler/post.go:136.60,139.4 2 1
gitlab.com/vk-golang/lectures/06_databases/99_hw/redditclone/internal/controller/handler/post.go:141.3,141.9 1 1
gitlab.com/vk-golang/lectures/06_databases/99_hw/redditclone/internal/controller/handler/post.go:144.2,145.27 2 1
gitlab.com/vk-golang/lectures/06_databases/99_hw/redditclone/internal/controller/handler/post.go:145.27,149.3 3 0
gitlab.com/vk-golang/lectures/06_databases/99_hw/redditclone/internal/controller/handler/post.go:151.2,152.59 2 1
gitlab.com/vk-golang/lectures/06_databases/99_hw/redditclone/internal/controller/handler/post.go:152.59,155.3 2 1
gitlab.com/vk-golang/lectures/06_databases/99_hw/redditclone/internal/controller/handler/post.go:159.80,164.24 4 1
gitlab.com/vk-golang/lectures/06_databases/99_hw/redditclone/internal/controller/handler/post.go:164.24,168.3 3 0
gitlab.com/vk-golang/lectures/06_databases/99_hw/redditclone/internal/controller/handler/post.go:170.2,171.28 2 1
gitlab.com/vk-golang/lectures/06_databases/99_hw/redditclone/internal/controller/handler/post.go:171.28,175.3 3 0
gitlab.com/vk-golang/lectures/06_databases/99_hw/redditclone/internal/controller/handler/post.go:177.2,178.59 2 1
gitlab.com/vk-golang/lectures/06_databases/99_hw/redditclone/internal/controller/handler/post.go:178.59,181.3 2 0
gitlab.com/vk-golang/lectures/06_databases/99_hw/redditclone/internal/controller/handler/post.go:185.76,190.24 4 1
gitlab.com/vk-golang/lectures/06_databases/99_hw/redditclone/internal/controller/handler/post.go:190.24,194.3 3 0
gitlab.com/vk-golang/lectures/06_databases/99_hw/redditclone/internal/controller/handler/post.go:196.2,197.27 2 1
gitlab.com/vk-golang/lectures/06_databases/99_hw/redditclone/internal/controller/handler/post.go:197.27,201.3 3 0
gitlab.com/vk-golang/lectures/06_databases/99_hw/redditclone/internal/controller/handler/post.go:203.2,204.59 2 1
gitlab.com/vk-golang/lectures/06_databases/99_hw/redditclone/internal/controller/handler/post.go:204.59,207.3 2 0
gitlab.com/vk-golang/lectures/06_databases/99_hw/redditclone/internal/controller/handler/post.go:210.67,215.24 4 1
gitlab.com/vk-golang/lectures/06_databases/99_hw/redditclone/internal/controller/handler/post.go:215.24,221.10 3 1
gitlab.com/vk-golang/lectures/06_databases/99_hw/redditclone/internal/controller/handler/post.go:222.60,223.57 1 1
gitlab.com/vk-golang/lectures/06_databases/99_hw/redditclone/internal/controller/handler/post.go:224.11,225.59 1 1
gitlab.com/vk-golang/lectures/06_databases/99_hw/redditclone/internal/controller/handler/post.go:228.3,229.28 2 1
gitlab.com/vk-golang/lectures/06_databases/99_hw/redditclone/internal/controller/handler/post.go:229.28,233.4 3 0
gitlab.com/vk-golang/lectures/06_databases/99_hw/redditclone/internal/controller/handler/post.go:235.3,236.60 2 1
gitlab.com/vk-golang/lectures/06_databases/99_hw/redditclone/internal/controller/handler/post.go:236.60,239.4 2 0
gitlab.com/vk-golang/lectures/06_databases/99_hw/redditclone/internal/controller/handler/post.go:241.3,241.9 1 1
gitlab.com/vk-golang/lectures/06_databases/99_hw/redditclone/internal/controller/handler/post.go:244.2,245.27 2 1
gitlab.com/vk-golang/lectures/06_databases/99_hw/redditclone/internal/controller/handler/post.go:245.27,249.3 3 0
gitlab.com/vk-golang/lectures/06_databases/99_hw/redditclone/internal/controller/handler/post.go:251.2,252.59 2 1
gitlab.com/vk-golang/lectures/06_databases/99_hw/redditclone/internal/controller/handler/post.go:252.59,255.3 2 1
gitlab.com/vk-golang/lectures/06_databases/99_hw/redditclone/internal/controller/handler/post.go:258.70,261.23 3 1
gitlab.com/vk-golang/lectures/06_databases/99_hw/redditclone/internal/controller/handler/post.go:261.23,265.3 3 0
gitlab.com/vk-golang/lectures/06_databases/99_hw/redditclone/internal/controller/handler/post.go:266.2,267.9 2 1
gitlab.com/vk-golang/lectures/06_databases/99_hw/redditclone/internal/controller/handler/post.go:267.9,271.3 3 0
gitlab.com/vk-golang/lectures/06_databases/99_hw/redditclone/internal/controller/handler/post.go:272.2,277.26 4 1
gitlab.com/vk-golang/lectures/06_databases/99_hw/redditclone/internal/controller/handler/post.go:277.26,283.10 3 0
gitlab.com/vk-golang/lectures/06_databases/99_hw/redditclone/internal/controller/handler/post.go:284.61,286.10 2 0
gitlab.com/vk-golang/lectures/06_databases/99_hw/redditclone/internal/controller/handler/post.go:287.62,288.40 1 0
gitlab.com/vk-golang/lectures/06_databases/99_hw/redditclone/internal/controller/handler/post.go:290.11,291.40 1 0
gitlab.com/vk-golang/lectures/06_databases/99_hw/redditclone/internal/controller/handler/post.go:294.3,295.28 2 0
gitlab.com/vk-golang/lectures/06_databases/99_hw/redditclone/internal/controller/handler/post.go:295.28,299.4 3 0
gitlab.com/vk-golang/lectures/06_databases/99_hw/redditclone/internal/controller/handler/post.go:301.3,302.60 2 0
gitlab.com/vk-golang/lectures/06_databases/99_hw/redditclone/internal/controller/handler/post.go:302.60,305.4 2 0
gitlab.com/vk-golang/lectures/06_databases/99_hw/redditclone/internal/controller/handler/post.go:307.3,307.9 1 0
gitlab.com/vk-golang/lectures/06_databases/99_hw/redditclone/internal/controller/handler/post.go:310.2,317.27 3 1
gitlab.com/vk-golang/lectures/06_databases/99_hw/redditclone/internal/controller/handler/post.go:317.27,321.3 3 0
gitlab.com/vk-golang/lectures/06_databases/99_hw/redditclone/internal/controller/handler/post.go:323.2,324.59 2 1
gitlab.com/vk-golang/lectures/06_databases/99_hw/redditclone/internal/controller/handler/post.go:324.59,327.3 2 0
gitlab.com/vk-golang/lectures/06_databases/99_hw/redditclone/internal/controller/handler/post.go:330.66,333.16 3 0
gitlab.com/vk-golang/lectures/06_databases/99_hw/redditclone/internal/controller/handler/post.go:333.16,337.3 3 0
gitlab.com/vk-golang/lectures/06_databases/99_hw/redditclone/internal/controller/handler/post.go:338.2,339.9 2 0
gitlab.com/vk-golang/lectures/06_databases/99_hw/redditclone/internal/controller/handler/post.go:339.9,343.3 3 0
gitlab.com/vk-golang/lectures/06_databases/99_hw/redditclone/internal/controller/handler/post.go:345.2,349.22 3 0
gitlab.com/vk-golang/lectures/06_databases/99_hw/redditclone/internal/controller/handler/post.go:349.22,355.10 3 0
gitlab.com/vk-golang/lectures/06_databases/99_hw/redditclone/internal/controller/handler/post.go:356.58,357.40 1 0
gitlab.com/vk-golang/lectures/06_databases/99_hw/redditclone/internal/controller/handler/post.go:358.54,359.41 1 0
gitlab.com/vk-golang/lectures/06_databases/99_hw/redditclone/internal/controller/handler/post.go:360.11,361.40 1 0
gitlab.com/vk-golang/lectures/06_databases/99_hw/redditclone/internal/controller/handler/post.go:364.3,365.28 2 0
gitlab.com/vk-golang/lectures/06_databases/99_hw/redditclone/internal/controller/handler/post.go:365.28,369.4 3 0
gitlab.com/vk-golang/lectures/06_databases/99_hw/redditclone/internal/controller/handler/post.go:371.3,372.60 2 0
gitlab.com/vk-golang/lectures/06_databases/99_hw/redditclone/internal/controller/handler/post.go:372.60,375.4 2 0
gitlab.com/vk-golang/lectures/06_databases/99_hw/redditclone/internal/controller/handler/post.go:377.3,377.9 1 0
gitlab.com/vk-golang/lectures/06_databases/99_hw/redditclone/internal/controller/handler/post.go:380.2,381.27 2 0
gitlab.com/vk-golang/lectures/06_databases/99_hw/redditclone/internal/controller/handler/post.go:381.27,385.3 3 0
gitlab.com/vk-golang/lectures/06_databases/99_hw/redditclone/internal/controller/handler/post.go:387.2,388.59 2 0
gitlab.com/vk-golang/lectures/06_databases/99_hw/redditclone/internal/controller/handler/post.go:388.59,391.3 2 0
gitlab.com/vk-golang/lectures/06_databases/99_hw/redditclone/internal/controller/handler/post.go:394.68,397.16 3 0
gitlab.com/vk-golang/lectures/06_databases/99_hw/redditclone/internal/controller/handler/post.go:397.16,401.3 3 0
gitlab.com/vk-golang/lectures/06_databases/99_hw/redditclone/internal/controller/handler/post.go:402.2,403.9 2 0
gitlab.com/vk-golang/lectures/06_databases/99_hw/redditclone/internal/controller/handler/post.go:403.9,407.3 3 0
gitlab.com/vk-golang/lectures/06_databases/99_hw/redditclone/internal/controller/handler/post.go:409.2,413.24 3 0
gitlab.com/vk-golang/lectures/06_databases/99_hw/redditclone/internal/controller/handler/post.go:413.24,419.10 3 0
gitlab.com/vk-golang/lectures/06_databases/99_hw/redditclone/internal/controller/handler/post.go:420.60,421.40 1 0
gitlab.com/vk-golang/lectures/06_databases/99_hw/redditclone/internal/controller/handler/post.go:422.58,423.43 1 0
gitlab.com/vk-golang/lectures/06_databases/99_hw/redditclone/internal/controller/handler/post.go:424.11,425.40 1 0
gitlab.com/vk-golang/lectures/06_databases/99_hw/redditclone/internal/controller/handler/post.go:428.3,429.28 2 0
gitlab.com/vk-golang/lectures/06_databases/99_hw/redditclone/internal/controller/handler/post.go:429.28,433.4 3 0
gitlab.com/vk-golang/lectures/06_databases/99_hw/redditclone/internal/controller/handler/post.go:435.3,436.60 2 0
gitlab.com/vk-golang/lectures/06_databases/99_hw/redditclone/internal/controller/handler/post.go:436.60,439.4 2 0
gitlab.com/vk-golang/lectures/06_databases/99_hw/redditclone/internal/controller/handler/post.go:441.3,441.9 1 0
gitlab.com/vk-golang/lectures/06_databases/99_hw/redditclone/internal/controller/handler/post.go:444.2,445.27 2 0
gitlab.com/vk-golang/lectures/06_databases/99_hw/redditclone/internal/controller/handler/post.go:445.27,449.3 3 0
gitlab.com/vk-golang/lectures/06_databases/99_hw/redditclone/internal/controller/handler/post.go:451.2,452.59 2 0
gitlab.com/vk-golang/lectures/06_databases/99_hw/redditclone/internal/controller/handler/post.go:452.59,455.3 2 0
gitlab.com/vk-golang/lectures/06_databases/99_hw/redditclone/internal/controller/handler/post.go:459.66,462.16 3 0
gitlab.com/vk-golang/lectures/06_databases/99_hw/redditclone/internal/controller/handler/post.go:462.16,466.3 3 0
gitlab.com/vk-golang/lectures/06_databases/99_hw/redditclone/internal/controller/handler/post.go:467.2,468.9 2 0
gitlab.com/vk-golang/lectures/06_databases/99_hw/redditclone/internal/controller/handler/post.go:468.9,472.3 3 0
gitlab.com/vk-golang/lectures/06_databases/99_hw/redditclone/internal/controller/handler/post.go:474.2,478.22 3 0
gitlab.com/vk-golang/lectures/06_databases/99_hw/redditclone/internal/controller/handler/post.go:478.22,484.10 3 0
gitlab.com/vk-golang/lectures/06_databases/99_hw/redditclone/internal/controller/handler/post.go:485.58,486.40 1 0
gitlab.com/vk-golang/lectures/06_databases/99_hw/redditclone/internal/controller/handler/post.go:487.54,488.41 1 0
gitlab.com/vk-golang/lectures/06_databases/99_hw/redditclone/internal/controller/handler/post.go:489.11,490.40 1 0
gitlab.com/vk-golang/lectures/06_databases/99_hw/redditclone/internal/controller/handler/post.go:493.3,494.28 2 0
gitlab.com/vk-golang/lectures/06_databases/99_hw/redditclone/internal/controller/handler/post.go:494.28,498.4 3 0
gitlab.com/vk-golang/lectures/06_databases/99_hw/redditclone/internal/controller/handler/post.go:500.3,501.60 2 0
gitlab.com/vk-golang/lectures/06_databases/99_hw/redditclone/internal/controller/handler/post.go:501.60,504.4 2 0
gitlab.com/vk-golang/lectures/06_databases/99_hw/redditclone/internal/controller/handler/post.go:506.3,506.9 1 0
gitlab.com/vk-golang/lectures/06_databases/99_hw/redditclone/internal/controller/handler/post.go:509.2,510.27 2 0
gitlab.com/vk-golang/lectures/06_databases/99_hw/redditclone/internal/controller/handler/post.go:510.27,514.3 3 0
gitlab.com/vk-golang/lectures/06_databases/99_hw/redditclone/internal/controller/handler/post.go:516.2,517.59 2 0
gitlab.com/vk-golang/lectures/06_databases/99_hw/redditclone/internal/controller/handler/post.go:517.59,520.3 2 0
gitlab.com/vk-golang/lectures/06_databases/99_hw/redditclone/internal/controller/handler/user.go:14.66,17.27 3 1
gitlab.com/vk-golang/lectures/06_databases/99_hw/redditclone/internal/controller/handler/user.go:17.27,21.3 3 0
gitlab.com/vk-golang/lectures/06_databases/99_hw/redditclone/internal/controller/handler/user.go:23.2,26.28 3 1
gitlab.com/vk-golang/lectures/06_databases/99_hw/redditclone/internal/controller/handler/user.go:26.28,30.3 3 0
gitlab.com/vk-golang/lectures/06_databases/99_hw/redditclone/internal/controller/handler/user.go:32.2,33.22 2 1
gitlab.com/vk-golang/lectures/06_databases/99_hw/redditclone/internal/controller/handler/user.go:33.22,43.10 5 0
gitlab.com/vk-golang/lectures/06_databases/99_hw/redditclone/internal/controller/handler/user.go:44.55,51.47 2 0
gitlab.com/vk-golang/lectures/06_databases/99_hw/redditclone/internal/controller/handler/user.go:52.60,54.47 2 0
gitlab.com/vk-golang/lectures/06_databases/99_hw/redditclone/internal/controller/handler/user.go:55.11,57.47 2 0
gitlab.com/vk-golang/lectures/06_databases/99_hw/redditclone/internal/controller/handler/user.go:60.3,61.30 2 0
gitlab.com/vk-golang/lectures/06_databases/99_hw/redditclone/internal/controller/handler/user.go:61.30,63.29 2 0
gitlab.com/vk-golang/lectures/06_databases/99_hw/redditclone/internal/controller/handler/user.go:63.29,67.5 3 0
gitlab.com/vk-golang/lectures/06_databases/99_hw/redditclone/internal/controller/handler/user.go:68.4,68.14 1 0
gitlab.com/vk-golang/lectures/06_databases/99_hw/redditclone/internal/controller/handler/user.go:69.9,71.29 2 0
gitlab.com/vk-golang/lectures/06_databases/99_hw/redditclone/internal/controller/handler/user.go:71.29,75.5 3 0
gitlab.com/vk-golang/lectures/06_databases/99_hw/redditclone/internal/controller/handler/user.go:76.4,76.14 1 0
gitlab.com/vk-golang/lectures/06_databases/99_hw/redditclone/internal/controller/handler/user.go:79.3,80.60 2 0
gitlab.com/vk-golang/lectures/06_databases/99_hw/redditclone/internal/controller/handler/user.go:80.60,83.4 2 0
gitlab.com/vk-golang/lectures/06_databases/99_hw/redditclone/internal/controller/handler/user.go:85.3,85.9 1 0
gitlab.com/vk-golang/lectures/06_databases/99_hw/redditclone/internal/controller/handler/user.go:88.2,89.29 2 1
gitlab.com/vk-golang/lectures/06_databases/99_hw/redditclone/internal/controller/handler/user.go:89.29,93.3 3 0
gitlab.com/vk-golang/lectures/06_databases/99_hw/redditclone/internal/controller/handler/user.go:95.2,102.27 3 1
gitlab.com/vk-golang/lectures/06_databases/99_hw/redditclone/internal/controller/handler/user.go:102.27,106.3 3 0
gitlab.com/vk-golang/lectures/06_databases/99_hw/redditclone/internal/controller/handler/user.go:108.2,109.59 2 1
gitlab.com/vk-golang/lectures/06_databases/99_hw/redditclone/internal/controller/handler/user.go:109.59,112.3 2 0
gitlab.com/vk-golang/lectures/06_databases/99_hw/redditclone/internal/controller/handler/user.go:115.65,118.27 3 1
gitlab.com/vk-golang/lectures/06_databases/99_hw/redditclone/internal/controller/handler/user.go:118.27,122.3 3 0
gitlab.com/vk-golang/lectures/06_databases/99_hw/redditclone/internal/controller/handler/user.go:124.2,127.28 3 1
gitlab.com/vk-golang/lectures/06_databases/99_hw/redditclone/internal/controller/handler/user.go:127.28,131.3 3 0
gitlab.com/vk-golang/lectures/06_databases/99_hw/redditclone/internal/controller/handler/user.go:133.2,134.21 2 1
gitlab.com/vk-golang/lectures/06_databases/99_hw/redditclone/internal/controller/handler/user.go:134.21,141.10 4 0
gitlab.com/vk-golang/lectures/06_databases/99_hw/redditclone/internal/controller/handler/user.go:142.57,144.38 2 0
gitlab.com/vk-golang/lectures/06_databases/99_hw/redditclone/internal/controller/handler/user.go:145.59,147.40 2 0
gitlab.com/vk-golang/lectures/06_databases/99_hw/redditclone/internal/controller/handler/user.go:148.11,150.47 2 0
gitlab.com/vk-golang/lectures/06_databases/99_hw/redditclone/internal/controller/handler/user.go:153.3,154.28 2 0
gitlab.com/vk-golang/lectures/06_databases/99_hw/redditclone/internal/controller/handler/user.go:154.28,158.4 3 0
gitlab.com/vk-golang/lectures/06_databases/99_hw/redditclone/internal/controller/handler/user.go:160.3,161.60 2 0
gitlab.com/vk-golang/lectures/06_databases/99_hw/redditclone/internal/controller/handler/user.go:161.60,164.4 2 0
gitlab.com/vk-golang/lectures/06_databases/99_hw/redditclone/internal/controller/handler/user.go:166.3,166.9 1 0
gitlab.com/vk-golang/lectures/06_databases/99_hw/redditclone/internal/controller/handler/user.go:169.2,170.27 2 1
gitlab.com/vk-golang/lectures/06_databases/99_hw/redditclone/internal/controller/handler/user.go:170.27,174.3 3 0
gitlab.com/vk-golang/lectures/06_databases/99_hw/redditclone/internal/controller/handler/user.go:176.2,183.27 3 1
gitlab.com/vk-golang/lectures/06_databases/99_hw/redditclone/internal/controller/handler/user.go:183.27,187.3 3 0
gitlab.com/vk-golang/lectures/06_databases/99_hw/redditclone/internal/controller/handler/user.go:189.2,190.59 2 1
gitlab.com/vk-golang/lectures/06_databases/99_hw/redditclone/internal/controller/handler/user.go:190.59,193.3 2 0
