mode: set
gitlab.com/vk-golang/lectures/06_databases/99_hw/redditclone/internal/usecase/comment.go:11.117,13.21 2 1
gitlab.com/vk-golang/lectures/06_databases/99_hw/redditclone/internal/usecase/comment.go:13.21,15.3 1 1
gitlab.com/vk-golang/lectures/06_databases/99_hw/redditclone/internal/usecase/comment.go:16.2,19.26 3 1
gitlab.com/vk-golang/lectures/06_databases/99_hw/redditclone/internal/usecase/comment.go:19.26,21.3 1 1
gitlab.com/vk-golang/lectures/06_databases/99_hw/redditclone/internal/usecase/comment.go:23.2,23.18 1 1
gitlab.com/vk-golang/lectures/06_databases/99_hw/redditclone/internal/usecase/comment.go:26.131,28.16 2 1
gitlab.com/vk-golang/lectures/06_databases/99_hw/redditclone/internal/usecase/comment.go:28.16,30.3 1 1
gitlab.com/vk-golang/lectures/06_databases/99_hw/redditclone/internal/usecase/comment.go:32.2,32.18 1 1
gitlab.com/vk-golang/lectures/06_databases/99_hw/redditclone/internal/usecase/post.go:11.78,13.24 2 1
gitlab.com/vk-golang/lectures/06_databases/99_hw/redditclone/internal/usecase/post.go:13.24,15.3 1 1
gitlab.com/vk-golang/lectures/06_databases/99_hw/redditclone/internal/usecase/post.go:17.2,17.19 1 1
gitlab.com/vk-golang/lectures/06_databases/99_hw/redditclone/internal/usecase/post.go:20.93,22.21 2 1
gitlab.com/vk-golang/lectures/06_databases/99_hw/redditclone/internal/usecase/post.go:22.21,24.3 1 1
gitlab.com/vk-golang/lectures/06_databases/99_hw/redditclone/internal/usecase/post.go:25.2,28.23 3 1
gitlab.com/vk-golang/lectures/06_databases/99_hw/redditclone/internal/usecase/post.go:28.23,30.3 1 1
gitlab.com/vk-golang/lectures/06_databases/99_hw/redditclone/internal/usecase/post.go:32.2,32.25 1 1
gitlab.com/vk-golang/lectures/06_databases/99_hw/redditclone/internal/usecase/post.go:35.107,37.24 2 1
gitlab.com/vk-golang/lectures/06_databases/99_hw/redditclone/internal/usecase/post.go:37.24,39.3 1 1
gitlab.com/vk-golang/lectures/06_databases/99_hw/redditclone/internal/usecase/post.go:41.2,41.19 1 1
gitlab.com/vk-golang/lectures/06_databases/99_hw/redditclone/internal/usecase/post.go:44.103,46.24 2 1
gitlab.com/vk-golang/lectures/06_databases/99_hw/redditclone/internal/usecase/post.go:46.24,48.3 1 1
gitlab.com/vk-golang/lectures/06_databases/99_hw/redditclone/internal/usecase/post.go:50.2,50.19 1 1
gitlab.com/vk-golang/lectures/06_databases/99_hw/redditclone/internal/usecase/post.go:53.90,55.16 2 1
gitlab.com/vk-golang/lectures/06_databases/99_hw/redditclone/internal/usecase/post.go:55.16,57.3 1 1
gitlab.com/vk-golang/lectures/06_databases/99_hw/redditclone/internal/usecase/post.go:59.2,59.18 1 1
gitlab.com/vk-golang/lectures/06_databases/99_hw/redditclone/internal/usecase/post.go:62.89,64.16 2 1
gitlab.com/vk-golang/lectures/06_databases/99_hw/redditclone/internal/usecase/post.go:64.16,66.3 1 1
gitlab.com/vk-golang/lectures/06_databases/99_hw/redditclone/internal/usecase/post.go:68.2,68.12 1 1
gitlab.com/vk-golang/lectures/06_databases/99_hw/redditclone/internal/usecase/post.go:71.104,73.16 2 1
gitlab.com/vk-golang/lectures/06_databases/99_hw/redditclone/internal/usecase/post.go:73.16,75.3 1 1
gitlab.com/vk-golang/lectures/06_databases/99_hw/redditclone/internal/usecase/post.go:77.2,77.18 1 1
gitlab.com/vk-golang/lectures/06_databases/99_hw/redditclone/internal/usecase/post.go:80.106,82.16 2 1
gitlab.com/vk-golang/lectures/06_databases/99_hw/redditclone/internal/usecase/post.go:82.16,84.3 1 1
gitlab.com/vk-golang/lectures/06_databases/99_hw/redditclone/internal/usecase/post.go:86.2,86.18 1 1
gitlab.com/vk-golang/lectures/06_databases/99_hw/redditclone/internal/usecase/post.go:89.104,91.16 2 1
gitlab.com/vk-golang/lectures/06_databases/99_hw/redditclone/internal/usecase/post.go:91.16,93.3 1 1
gitlab.com/vk-golang/lectures/06_databases/99_hw/redditclone/internal/usecase/post.go:95.2,95.18 1 1
gitlab.com/vk-golang/lectures/06_databases/99_hw/redditclone/internal/usecase/usecase.go:17.76,23.2 1 1
gitlab.com/vk-golang/lectures/06_databases/99_hw/redditclone/internal/usecase/user.go:11.92,16.24 4 1
gitlab.com/vk-golang/lectures/06_databases/99_hw/redditclone/internal/usecase/user.go:16.24,18.3 1 1
gitlab.com/vk-golang/lectures/06_databases/99_hw/redditclone/internal/usecase/user.go:19.2,19.12 1 1
gitlab.com/vk-golang/lectures/06_databases/99_hw/redditclone/internal/usecase/user.go:19.12,21.3 1 1
gitlab.com/vk-golang/lectures/06_databases/99_hw/redditclone/internal/usecase/user.go:23.2,24.21 2 1
gitlab.com/vk-golang/lectures/06_databases/99_hw/redditclone/internal/usecase/user.go:24.21,26.3 1 1
gitlab.com/vk-golang/lectures/06_databases/99_hw/redditclone/internal/usecase/user.go:28.2,31.23 3 1
gitlab.com/vk-golang/lectures/06_databases/99_hw/redditclone/internal/usecase/user.go:31.23,33.3 1 1
gitlab.com/vk-golang/lectures/06_databases/99_hw/redditclone/internal/usecase/user.go:35.2,35.25 1 1
gitlab.com/vk-golang/lectures/06_databases/99_hw/redditclone/internal/usecase/user.go:38.107,40.16 2 1
gitlab.com/vk-golang/lectures/06_databases/99_hw/redditclone/internal/usecase/user.go:40.16,42.3 1 1
gitlab.com/vk-golang/lectures/06_databases/99_hw/redditclone/internal/usecase/user.go:44.2,44.31 1 1
gitlab.com/vk-golang/lectures/06_databases/99_hw/redditclone/internal/usecase/user.go:44.31,46.3 1 1
gitlab.com/vk-golang/lectures/06_databases/99_hw/redditclone/internal/usecase/user.go:48.2,48.18 1 1
